<?xml version="1.0" encoding="UTF-8"?>
<!-- Generated by org.testng.reporters.JUnitReportReporter -->
<testsuite hostname="DESKTOP-H5MH22H" name="com.stepdefinition.CartSteps" tests="12" failures="0" timestamp="17 Aug 2022 16:04:35 GMT" time="27.451" errors="0">
  <testcase name="user_should_click_on_search_button" time="3.522" classname="com.stepdefinition.CartSteps"/>
  <testcase name="user_should_click_on_add_to_cart_button_again" time="2.213" classname="com.stepdefinition.CartSteps"/>
  <testcase name="user_should_click_on_add_to_cart_button" time="2.013" classname="com.stepdefinition.CartSteps"/>
  <testcase name="user_can_clicks_on_view_cart_button" time="0.885" classname="com.stepdefinition.CartSteps"/>
  <testcase name="user_should_clicks_on_product" time="5.139" classname="com.stepdefinition.CartSteps"/>
  <testcase name="user_can_clicks_on_same_product_again" time="2.983" classname="com.stepdefinition.CartSteps"/>
  <testcase name="verify_the_product_is_already_added_to_cart_button" time="0.926" classname="com.stepdefinition.CartSteps"/>
  <testcase name="display_cart_details" time="0.358" classname="com.stepdefinition.CartSteps"/>
  <testcase name="user_enters_search_keyword" time="1.522" classname="com.stepdefinition.CartSteps"/>
  <testcase name="verify_the_product_is_removed_from_the_cart" time="0.693" classname="com.stepdefinition.CartSteps"/>
  <testcase name="user_can_clicks_on_remove_from_cartb_button" time="6.318" classname="com.stepdefinition.CartSteps"/>
  <testcase name="verify_the_product_is_added_to_cart_button" time="0.879" classname="com.stepdefinition.CartSteps"/>
</testsuite> <!-- com.stepdefinition.CartSteps -->
