<?xml version="1.0" encoding="UTF-8"?>
<!-- Generated by org.testng.reporters.JUnitReportReporter -->
<testsuite hostname="DESKTOP-H5MH22H" name="com.stepdefinition.ProductDetailsSteps" tests="4" failures="0" timestamp="17 Aug 2022 11:52:23 GMT" time="43.011" errors="0">
  <testcase name="user_enters" time="7.628" classname="com.stepdefinition.ProductDetailsSteps"/>
  <testcase name="expand_all_offers_and_hover_over_the_image" time="9.221" classname="com.stepdefinition.ProductDetailsSteps"/>
  <testcase name="clicks_on_View_all_item_details" time="16.250" classname="com.stepdefinition.ProductDetailsSteps"/>
  <testcase name="hover_over_the_desired_product_and_click_on_QUICK_VIEW_and_then_on_VIEW_DETAILS" time="9.912" classname="com.stepdefinition.ProductDetailsSteps"/>
</testsuite> <!-- com.stepdefinition.ProductDetailsSteps -->
