<?xml version="1.0" encoding="UTF-8"?>
<!-- Generated by org.testng.reporters.JUnitReportReporter -->
<testsuite hostname="DESKTOP-H5MH22H" name="com.stepdefinition.ContactUsSteps" tests="12" failures="0" timestamp="17 Aug 2022 12:00:37 GMT" time="20.988" errors="0">
  <testcase name="display_searched_query_results" time="2.993" classname="com.stepdefinition.ContactUsSteps"/>
  <testcase name="user_can_click_on_FAQs" time="1.462" classname="com.stepdefinition.ContactUsSteps"/>
  <testcase name="uer_should_clicks_on_contact_us" time="2.173" classname="com.stepdefinition.ContactUsSteps"/>
  <testcase name="user_enters_on_search_menu" time="0.674" classname="com.stepdefinition.ContactUsSteps"/>
  <testcase name="user_can_click_on_any_other_query_from_FAQs_List" time="2.245" classname="com.stepdefinition.ContactUsSteps"/>
  <testcase name="user_should_scrolls_down" time="0.668" classname="com.stepdefinition.ContactUsSteps"/>
  <testcase name="user_can_click_on_any_other_query_from_FAQs_List" time="2.309" classname="com.stepdefinition.ContactUsSteps"/>
  <testcase name="user_enters_on_search_menu" time="0.705" classname="com.stepdefinition.ContactUsSteps"/>
  <testcase name="user_can_click_on_FAQs" time="1.180" classname="com.stepdefinition.ContactUsSteps"/>
  <testcase name="uer_should_clicks_on_contact_us" time="1.994" classname="com.stepdefinition.ContactUsSteps"/>
  <testcase name="user_should_scrolls_down" time="0.993" classname="com.stepdefinition.ContactUsSteps"/>
  <testcase name="display_searched_query_results" time="3.592" classname="com.stepdefinition.ContactUsSteps"/>
</testsuite> <!-- com.stepdefinition.ContactUsSteps -->
