<?xml version="1.0" encoding="UTF-8"?>
<!-- Generated by org.testng.reporters.JUnitReportReporter -->
<testsuite hostname="DESKTOP-H5MH22H" name="com.stepdefinition.SortFilterSteps" tests="8" failures="0" timestamp="17 Aug 2022 11:54:25 GMT" time="14.612" errors="0">
  <testcase name="user_should_clicks_on_search_button" time="4.168" classname="com.stepdefinition.SortFilterSteps"/>
  <testcase name="user_selects_the_option_fresh_arrivals" time="0.743" classname="com.stepdefinition.SortFilterSteps"/>
  <testcase name="user_clicks_on_apply_filter_options" time="5.053" classname="com.stepdefinition.SortFilterSteps"/>
  <testcase name="user_click_on_sort_by" time="0.829" classname="com.stepdefinition.SortFilterSteps"/>
  <testcase name="verify_the_fresh_arrival_is_selected" time="0.238" classname="com.stepdefinition.SortFilterSteps"/>
  <testcase name="dispaly_the_filtered_results" time="1.924" classname="com.stepdefinition.SortFilterSteps"/>
  <testcase name="user_enters_Ncert_Textbook" time="1.590" classname="com.stepdefinition.SortFilterSteps"/>
  <testcase name="checks_the_counts_of_Options" time="0.067" classname="com.stepdefinition.SortFilterSteps"/>
</testsuite> <!-- com.stepdefinition.SortFilterSteps -->
