<?xml version="1.0" encoding="UTF-8"?>
<!-- Generated by org.testng.reporters.JUnitReportReporter -->
<testsuite hostname="DESKTOP-H5MH22H" name="com.stepdefinition.SearchSteps" tests="6" failures="0" timestamp="17 Aug 2022 11:53:18 GMT" time="16.459" errors="0">
  <testcase name="user_should_click_search_button" time="4.028" classname="com.stepdefinition.SearchSteps"/>
  <testcase name="user_enters" time="0.682" classname="com.stepdefinition.SearchSteps"/>
  <testcase name="verify_and_display_the_search_results" time="0.007" classname="com.stepdefinition.SearchSteps"/>
  <testcase name="verify_and_display_the_search_results" time="7.705" classname="com.stepdefinition.SearchSteps"/>
  <testcase name="user_enters" time="1.283" classname="com.stepdefinition.SearchSteps"/>
  <testcase name="user_should_click_search_button" time="2.754" classname="com.stepdefinition.SearchSteps"/>
</testsuite> <!-- com.stepdefinition.SearchSteps -->
