<?xml version="1.0" encoding="UTF-8"?>
<!-- Generated by org.testng.reporters.JUnitReportReporter -->
<testsuite hostname="DESKTOP-H5MH22H" name="com.stepdefinition.CompareSteps" tests="6" failures="0" timestamp="17 Aug 2022 12:01:44 GMT" time="37.084" errors="0">
  <testcase name="select_another_product" time="11.257" classname="com.stepdefinition.CompareSteps"/>
  <testcase name="select_the_product" time="1.487" classname="com.stepdefinition.CompareSteps"/>
  <testcase name="click_on_search_button" time="3.271" classname="com.stepdefinition.CompareSteps"/>
  <testcase name="click_on_add_to_compare" time="7.128" classname="com.stepdefinition.CompareSteps"/>
  <testcase name="enter_search_the" time="0.412" classname="com.stepdefinition.CompareSteps"/>
  <testcase name="click_on_btn_Lets_compare" time="13.529" classname="com.stepdefinition.CompareSteps"/>
</testsuite> <!-- com.stepdefinition.CompareSteps -->
